<?xml version="1.0" encoding="UTF-8"?>
<!-- Generated by org.testng.reporters.JUnitReportReporter -->
<testsuite hostname="badabeeddccbcfeefcabbdbafbeadcba-0" failures="0" tests="3" name="testcases.Testcase1" time="23.603" errors="0" timestamp="2023-08-10T13:47:22 UTC" skipped="0">
  <testcase classname="testcases.Testcase1" name="Register" time="9.968"/>
  <testcase classname="testcases.Testcase1" name="Valid_Login_TC" time="7.339"/>
  <testcase classname="testcases.Testcase1" name="TC_Vote_003" time="6.296"/>
</testsuite> <!-- testcases.Testcase1 -->
